Arguments: 
  C:\Program Files\nodejs\node.exe C:\Users\kuch\AppData\Roaming\npm\node_modules\yarn\bin\yarn.js --dev eslint

PATH: 
  C:\WINDOWS\system32;C:\WINDOWS;C:\WINDOWS\System32\Wbem;C:\WINDOWS\System32\WindowsPowerShell\v1.0\;C:\ProgramData\chocolatey\bin;C:\Program Files\Java\jdk1.8.0_144\bin;C:\Program Files\Git\cmd;C:\Program Files\Microsoft VS Code\bin;C:\Program Files\nodejs\;C:\WINDOWS\System32\OpenSSH\;C:\Users\kuch\AppData\Local\Microsoft\WindowsApps;C:\Program Files\Microsoft VS Code\bin;C:\Users\kuch\AppData\Local\Programs\Microsoft VS Code\bin;C:\Users\kuch\AppData\Roaming\npm;%USERPROFILE%\AppData\Local\Microsoft\WindowsApps;

Yarn version: 
  1.0.0

Node version: 
  8.11.4

Platform: 
  win32 x64

npm manifest: 
  {
    "name": "lotterydraw",
    "version": "1.0.0",
    "description": "",
    "main": "main.js",
    "scripts": {
      "dev":"live-server",
      "test": "echo \"Error: no test specified\" && exit 1"
    },
    "repository": {
      "type": "git",
      "url": "git+https://github.com/Amoxi1/lotterydraw.git"
    },
    "author": "",
    "license": "ISC",
    "bugs": {
      "url": "https://github.com/Amoxi1/lotterydraw/issues"
    },
    "homepage": "https://github.com/Amoxi1/lotterydraw#readme",
    "devDependencies": {
      "live-server": "^1.2.0"
    }
  }

yarn manifest: 
  No manifest

Lockfile: 
  No lockfile

Trace: 
  Error: EPERM: operation not permitted, unlink 'C:\Users\kuch\Desktop\lotterydraw\node_modules\cache-base\node_modules\isobject'
